G:\FBE\SCINTILLA\BIN\SCILEXER.BSC
G:\FBE\scintilla\bin\SciLexer.exp
G:\FBE\scintilla\bin\SciLexer.lib
G:\FBE\SCINTILLA\BIN\SCILEXER.PDB
G:\FBE\scintilla\vcbuild\.\../bin\SciLexer.dll
G:\FBE\SCINTILLA\VCBUILD\DEBUG\AUTOCOMPLETE.OBJ
G:\FBE\SCINTILLA\VCBUILD\DEBUG\AUTOCOMPLETE.SBR
G:\FBE\scintilla\vcbuild\Debug\BscMake.command.1.tlog
G:\FBE\scintilla\vcbuild\Debug\bscmake.read.1.tlog
G:\FBE\scintilla\vcbuild\Debug\bscmake.write.1.tlog
G:\FBE\SCINTILLA\VCBUILD\DEBUG\CALLTIP.OBJ
G:\FBE\SCINTILLA\VCBUILD\DEBUG\CALLTIP.SBR
G:\FBE\SCINTILLA\VCBUILD\DEBUG\CELLBUFFER.OBJ
G:\FBE\SCINTILLA\VCBUILD\DEBUG\CELLBUFFER.SBR
G:\FBE\SCINTILLA\VCBUILD\DEBUG\CHARCLASSIFY.OBJ
G:\FBE\SCINTILLA\VCBUILD\DEBUG\CHARCLASSIFY.SBR
G:\FBE\scintilla\vcbuild\Debug\cl.command.1.tlog
G:\FBE\scintilla\vcbuild\Debug\CL.read.1.tlog
G:\FBE\scintilla\vcbuild\Debug\CL.write.1.tlog
G:\FBE\SCINTILLA\VCBUILD\DEBUG\CONTRACTIONSTATE.OBJ
G:\FBE\SCINTILLA\VCBUILD\DEBUG\CONTRACTIONSTATE.SBR
G:\FBE\SCINTILLA\VCBUILD\DEBUG\DECORATION.OBJ
G:\FBE\SCINTILLA\VCBUILD\DEBUG\DECORATION.SBR
G:\FBE\SCINTILLA\VCBUILD\DEBUG\DOCUMENT.OBJ
G:\FBE\SCINTILLA\VCBUILD\DEBUG\DOCUMENT.SBR
G:\FBE\SCINTILLA\VCBUILD\DEBUG\DOCUMENTACCESSOR.OBJ
G:\FBE\SCINTILLA\VCBUILD\DEBUG\DOCUMENTACCESSOR.SBR
G:\FBE\SCINTILLA\VCBUILD\DEBUG\EDITOR.OBJ
G:\FBE\SCINTILLA\VCBUILD\DEBUG\EDITOR.SBR
G:\FBE\SCINTILLA\VCBUILD\DEBUG\EXTERNALLEXER.OBJ
G:\FBE\SCINTILLA\VCBUILD\DEBUG\EXTERNALLEXER.SBR
G:\FBE\SCINTILLA\VCBUILD\DEBUG\INDICATOR.OBJ
G:\FBE\SCINTILLA\VCBUILD\DEBUG\INDICATOR.SBR
G:\FBE\SCINTILLA\VCBUILD\DEBUG\KEYMAP.OBJ
G:\FBE\SCINTILLA\VCBUILD\DEBUG\KEYMAP.SBR
G:\FBE\SCINTILLA\VCBUILD\DEBUG\KEYWORDS.OBJ
G:\FBE\SCINTILLA\VCBUILD\DEBUG\KEYWORDS.SBR
G:\FBE\SCINTILLA\VCBUILD\DEBUG\LEXABAQUS.OBJ
G:\FBE\SCINTILLA\VCBUILD\DEBUG\LEXABAQUS.SBR
G:\FBE\SCINTILLA\VCBUILD\DEBUG\LEXADA.OBJ
G:\FBE\SCINTILLA\VCBUILD\DEBUG\LEXADA.SBR
G:\FBE\SCINTILLA\VCBUILD\DEBUG\LEXAPDL.OBJ
G:\FBE\SCINTILLA\VCBUILD\DEBUG\LEXAPDL.SBR
G:\FBE\SCINTILLA\VCBUILD\DEBUG\LEXASM.OBJ
G:\FBE\SCINTILLA\VCBUILD\DEBUG\LEXASM.SBR
G:\FBE\SCINTILLA\VCBUILD\DEBUG\LEXASN1.OBJ
G:\FBE\SCINTILLA\VCBUILD\DEBUG\LEXASN1.SBR
G:\FBE\SCINTILLA\VCBUILD\DEBUG\LEXASY.OBJ
G:\FBE\SCINTILLA\VCBUILD\DEBUG\LEXASY.SBR
G:\FBE\SCINTILLA\VCBUILD\DEBUG\LEXAU3.OBJ
G:\FBE\SCINTILLA\VCBUILD\DEBUG\LEXAU3.SBR
G:\FBE\SCINTILLA\VCBUILD\DEBUG\LEXAVE.OBJ
G:\FBE\SCINTILLA\VCBUILD\DEBUG\LEXAVE.SBR
G:\FBE\SCINTILLA\VCBUILD\DEBUG\LEXBAAN.OBJ
G:\FBE\SCINTILLA\VCBUILD\DEBUG\LEXBAAN.SBR
G:\FBE\SCINTILLA\VCBUILD\DEBUG\LEXBASH.OBJ
G:\FBE\SCINTILLA\VCBUILD\DEBUG\LEXBASH.SBR
G:\FBE\SCINTILLA\VCBUILD\DEBUG\LEXBASIC.OBJ
G:\FBE\SCINTILLA\VCBUILD\DEBUG\LEXBASIC.SBR
G:\FBE\SCINTILLA\VCBUILD\DEBUG\LEXBULLANT.OBJ
G:\FBE\SCINTILLA\VCBUILD\DEBUG\LEXBULLANT.SBR
G:\FBE\SCINTILLA\VCBUILD\DEBUG\LEXCAML.OBJ
G:\FBE\SCINTILLA\VCBUILD\DEBUG\LEXCAML.SBR
G:\FBE\SCINTILLA\VCBUILD\DEBUG\LEXCLW.OBJ
G:\FBE\SCINTILLA\VCBUILD\DEBUG\LEXCLW.SBR
G:\FBE\SCINTILLA\VCBUILD\DEBUG\LEXCMAKE.OBJ
G:\FBE\SCINTILLA\VCBUILD\DEBUG\LEXCMAKE.SBR
G:\FBE\SCINTILLA\VCBUILD\DEBUG\LEXCOBOL.OBJ
G:\FBE\SCINTILLA\VCBUILD\DEBUG\LEXCOBOL.SBR
G:\FBE\SCINTILLA\VCBUILD\DEBUG\LEXCONF.OBJ
G:\FBE\SCINTILLA\VCBUILD\DEBUG\LEXCONF.SBR
G:\FBE\SCINTILLA\VCBUILD\DEBUG\LEXCPP.OBJ
G:\FBE\SCINTILLA\VCBUILD\DEBUG\LEXCPP.SBR
G:\FBE\SCINTILLA\VCBUILD\DEBUG\LEXCRONTAB.OBJ
G:\FBE\SCINTILLA\VCBUILD\DEBUG\LEXCRONTAB.SBR
G:\FBE\SCINTILLA\VCBUILD\DEBUG\LEXCSOUND.OBJ
G:\FBE\SCINTILLA\VCBUILD\DEBUG\LEXCSOUND.SBR
G:\FBE\SCINTILLA\VCBUILD\DEBUG\LEXCSS.OBJ
G:\FBE\SCINTILLA\VCBUILD\DEBUG\LEXCSS.SBR
G:\FBE\SCINTILLA\VCBUILD\DEBUG\LEXD.OBJ
G:\FBE\SCINTILLA\VCBUILD\DEBUG\LEXD.SBR
G:\FBE\SCINTILLA\VCBUILD\DEBUG\LEXEIFFEL.OBJ
G:\FBE\SCINTILLA\VCBUILD\DEBUG\LEXEIFFEL.SBR
G:\FBE\SCINTILLA\VCBUILD\DEBUG\LEXERLANG.OBJ
G:\FBE\SCINTILLA\VCBUILD\DEBUG\LEXERLANG.SBR
G:\FBE\SCINTILLA\VCBUILD\DEBUG\LEXESCRIPT.OBJ
G:\FBE\SCINTILLA\VCBUILD\DEBUG\LEXESCRIPT.SBR
G:\FBE\SCINTILLA\VCBUILD\DEBUG\LEXFLAGSHIP.OBJ
G:\FBE\SCINTILLA\VCBUILD\DEBUG\LEXFLAGSHIP.SBR
G:\FBE\SCINTILLA\VCBUILD\DEBUG\LEXFORTH.OBJ
G:\FBE\SCINTILLA\VCBUILD\DEBUG\LEXFORTH.SBR
G:\FBE\SCINTILLA\VCBUILD\DEBUG\LEXFORTRAN.OBJ
G:\FBE\SCINTILLA\VCBUILD\DEBUG\LEXFORTRAN.SBR
G:\FBE\SCINTILLA\VCBUILD\DEBUG\LEXGAP.OBJ
G:\FBE\SCINTILLA\VCBUILD\DEBUG\LEXGAP.SBR
G:\FBE\SCINTILLA\VCBUILD\DEBUG\LEXGUI4CLI.OBJ
G:\FBE\SCINTILLA\VCBUILD\DEBUG\LEXGUI4CLI.SBR
G:\FBE\SCINTILLA\VCBUILD\DEBUG\LEXHASKELL.OBJ
G:\FBE\SCINTILLA\VCBUILD\DEBUG\LEXHASKELL.SBR
G:\FBE\SCINTILLA\VCBUILD\DEBUG\LEXHTML.OBJ
G:\FBE\SCINTILLA\VCBUILD\DEBUG\LEXHTML.SBR
G:\FBE\SCINTILLA\VCBUILD\DEBUG\LEXINNO.OBJ
G:\FBE\SCINTILLA\VCBUILD\DEBUG\LEXINNO.SBR
G:\FBE\SCINTILLA\VCBUILD\DEBUG\LEXKIX.OBJ
G:\FBE\SCINTILLA\VCBUILD\DEBUG\LEXKIX.SBR
G:\FBE\SCINTILLA\VCBUILD\DEBUG\LEXLISP.OBJ
G:\FBE\SCINTILLA\VCBUILD\DEBUG\LEXLISP.SBR
G:\FBE\SCINTILLA\VCBUILD\DEBUG\LEXLOUT.OBJ
G:\FBE\SCINTILLA\VCBUILD\DEBUG\LEXLOUT.SBR
G:\FBE\SCINTILLA\VCBUILD\DEBUG\LEXLUA.OBJ
G:\FBE\SCINTILLA\VCBUILD\DEBUG\LEXLUA.SBR
G:\FBE\SCINTILLA\VCBUILD\DEBUG\LEXMAGIK.OBJ
G:\FBE\SCINTILLA\VCBUILD\DEBUG\LEXMAGIK.SBR
G:\FBE\SCINTILLA\VCBUILD\DEBUG\LEXMARKDOWN.OBJ
G:\FBE\SCINTILLA\VCBUILD\DEBUG\LEXMARKDOWN.SBR
G:\FBE\SCINTILLA\VCBUILD\DEBUG\LEXMATLAB.OBJ
G:\FBE\SCINTILLA\VCBUILD\DEBUG\LEXMATLAB.SBR
G:\FBE\SCINTILLA\VCBUILD\DEBUG\LEXMETAPOST.OBJ
G:\FBE\SCINTILLA\VCBUILD\DEBUG\LEXMETAPOST.SBR
G:\FBE\SCINTILLA\VCBUILD\DEBUG\LEXMMIXAL.OBJ
G:\FBE\SCINTILLA\VCBUILD\DEBUG\LEXMMIXAL.SBR
G:\FBE\SCINTILLA\VCBUILD\DEBUG\LEXMPT.OBJ
G:\FBE\SCINTILLA\VCBUILD\DEBUG\LEXMPT.SBR
G:\FBE\SCINTILLA\VCBUILD\DEBUG\LEXMSSQL.OBJ
G:\FBE\SCINTILLA\VCBUILD\DEBUG\LEXMSSQL.SBR
G:\FBE\SCINTILLA\VCBUILD\DEBUG\LEXMYSQL.OBJ
G:\FBE\SCINTILLA\VCBUILD\DEBUG\LEXMYSQL.SBR
G:\FBE\SCINTILLA\VCBUILD\DEBUG\LEXNIMROD.OBJ
G:\FBE\SCINTILLA\VCBUILD\DEBUG\LEXNIMROD.SBR
G:\FBE\SCINTILLA\VCBUILD\DEBUG\LEXNSIS.OBJ
G:\FBE\SCINTILLA\VCBUILD\DEBUG\LEXNSIS.SBR
G:\FBE\SCINTILLA\VCBUILD\DEBUG\LEXOPAL.OBJ
G:\FBE\SCINTILLA\VCBUILD\DEBUG\LEXOPAL.SBR
G:\FBE\SCINTILLA\VCBUILD\DEBUG\LEXOTHERS.OBJ
G:\FBE\SCINTILLA\VCBUILD\DEBUG\LEXOTHERS.SBR
G:\FBE\SCINTILLA\VCBUILD\DEBUG\LEXPASCAL.OBJ
G:\FBE\SCINTILLA\VCBUILD\DEBUG\LEXPASCAL.SBR
G:\FBE\SCINTILLA\VCBUILD\DEBUG\LEXPB.OBJ
G:\FBE\SCINTILLA\VCBUILD\DEBUG\LEXPB.SBR
G:\FBE\SCINTILLA\VCBUILD\DEBUG\LEXPERL.OBJ
G:\FBE\SCINTILLA\VCBUILD\DEBUG\LEXPERL.SBR
G:\FBE\SCINTILLA\VCBUILD\DEBUG\LEXPLM.OBJ
G:\FBE\SCINTILLA\VCBUILD\DEBUG\LEXPLM.SBR
G:\FBE\SCINTILLA\VCBUILD\DEBUG\LEXPOV.OBJ
G:\FBE\SCINTILLA\VCBUILD\DEBUG\LEXPOV.SBR
G:\FBE\SCINTILLA\VCBUILD\DEBUG\LEXPOWERPRO.OBJ
G:\FBE\SCINTILLA\VCBUILD\DEBUG\LEXPOWERPRO.SBR
G:\FBE\SCINTILLA\VCBUILD\DEBUG\LEXPOWERSHELL.OBJ
G:\FBE\SCINTILLA\VCBUILD\DEBUG\LEXPOWERSHELL.SBR
G:\FBE\SCINTILLA\VCBUILD\DEBUG\LEXPROGRESS.OBJ
G:\FBE\SCINTILLA\VCBUILD\DEBUG\LEXPROGRESS.SBR
G:\FBE\SCINTILLA\VCBUILD\DEBUG\LEXPS.OBJ
G:\FBE\SCINTILLA\VCBUILD\DEBUG\LEXPS.SBR
G:\FBE\SCINTILLA\VCBUILD\DEBUG\LEXPYTHON.OBJ
G:\FBE\SCINTILLA\VCBUILD\DEBUG\LEXPYTHON.SBR
G:\FBE\SCINTILLA\VCBUILD\DEBUG\LEXR.OBJ
G:\FBE\SCINTILLA\VCBUILD\DEBUG\LEXR.SBR
G:\FBE\SCINTILLA\VCBUILD\DEBUG\LEXREBOL.OBJ
G:\FBE\SCINTILLA\VCBUILD\DEBUG\LEXREBOL.SBR
G:\FBE\SCINTILLA\VCBUILD\DEBUG\LEXRUBY.OBJ
G:\FBE\SCINTILLA\VCBUILD\DEBUG\LEXRUBY.SBR
G:\FBE\SCINTILLA\VCBUILD\DEBUG\LEXSCRIPTOL.OBJ
G:\FBE\SCINTILLA\VCBUILD\DEBUG\LEXSCRIPTOL.SBR
G:\FBE\SCINTILLA\VCBUILD\DEBUG\LEXSMALLTALK.OBJ
G:\FBE\SCINTILLA\VCBUILD\DEBUG\LEXSMALLTALK.SBR
G:\FBE\SCINTILLA\VCBUILD\DEBUG\LEXSML.OBJ
G:\FBE\SCINTILLA\VCBUILD\DEBUG\LEXSML.SBR
G:\FBE\SCINTILLA\VCBUILD\DEBUG\LEXSORCUS.OBJ
G:\FBE\SCINTILLA\VCBUILD\DEBUG\LEXSORCUS.SBR
G:\FBE\SCINTILLA\VCBUILD\DEBUG\LEXSPECMAN.OBJ
G:\FBE\SCINTILLA\VCBUILD\DEBUG\LEXSPECMAN.SBR
G:\FBE\SCINTILLA\VCBUILD\DEBUG\LEXSPICE.OBJ
G:\FBE\SCINTILLA\VCBUILD\DEBUG\LEXSPICE.SBR
G:\FBE\SCINTILLA\VCBUILD\DEBUG\LEXSQL.OBJ
G:\FBE\SCINTILLA\VCBUILD\DEBUG\LEXSQL.SBR
G:\FBE\SCINTILLA\VCBUILD\DEBUG\LEXTACL.OBJ
G:\FBE\SCINTILLA\VCBUILD\DEBUG\LEXTACL.SBR
G:\FBE\SCINTILLA\VCBUILD\DEBUG\LEXTADS3.OBJ
G:\FBE\SCINTILLA\VCBUILD\DEBUG\LEXTADS3.SBR
G:\FBE\SCINTILLA\VCBUILD\DEBUG\LEXTAL.OBJ
G:\FBE\SCINTILLA\VCBUILD\DEBUG\LEXTAL.SBR
G:\FBE\SCINTILLA\VCBUILD\DEBUG\LEXTCL.OBJ
G:\FBE\SCINTILLA\VCBUILD\DEBUG\LEXTCL.SBR
G:\FBE\SCINTILLA\VCBUILD\DEBUG\LEXTEX.OBJ
G:\FBE\SCINTILLA\VCBUILD\DEBUG\LEXTEX.SBR
G:\FBE\SCINTILLA\VCBUILD\DEBUG\LEXVB.OBJ
G:\FBE\SCINTILLA\VCBUILD\DEBUG\LEXVB.SBR
G:\FBE\SCINTILLA\VCBUILD\DEBUG\LEXVERILOG.OBJ
G:\FBE\SCINTILLA\VCBUILD\DEBUG\LEXVERILOG.SBR
G:\FBE\SCINTILLA\VCBUILD\DEBUG\LEXVHDL.OBJ
G:\FBE\SCINTILLA\VCBUILD\DEBUG\LEXVHDL.SBR
G:\FBE\SCINTILLA\VCBUILD\DEBUG\LEXYAML.OBJ
G:\FBE\SCINTILLA\VCBUILD\DEBUG\LEXYAML.SBR
G:\FBE\SCINTILLA\VCBUILD\DEBUG\LINEMARKER.OBJ
G:\FBE\SCINTILLA\VCBUILD\DEBUG\LINEMARKER.SBR
G:\FBE\scintilla\vcbuild\Debug\link.command.1.tlog
G:\FBE\scintilla\vcbuild\Debug\link.read.1.tlog
G:\FBE\scintilla\vcbuild\Debug\link.write.1.tlog
G:\FBE\scintilla\vcbuild\Debug\link-cvtres.read.1.tlog
G:\FBE\scintilla\vcbuild\Debug\link-cvtres.write.1.tlog
G:\FBE\scintilla\vcbuild\Debug\mt.command.1.tlog
G:\FBE\scintilla\vcbuild\Debug\mt.read.1.tlog
G:\FBE\scintilla\vcbuild\Debug\mt.write.1.tlog
G:\FBE\SCINTILLA\VCBUILD\DEBUG\PERLINE.OBJ
G:\FBE\SCINTILLA\VCBUILD\DEBUG\PERLINE.SBR
G:\FBE\SCINTILLA\VCBUILD\DEBUG\PLATWIN.OBJ
G:\FBE\SCINTILLA\VCBUILD\DEBUG\PLATWIN.SBR
G:\FBE\SCINTILLA\VCBUILD\DEBUG\POSITIONCACHE.OBJ
G:\FBE\SCINTILLA\VCBUILD\DEBUG\POSITIONCACHE.SBR
G:\FBE\SCINTILLA\VCBUILD\DEBUG\PROPSET.OBJ
G:\FBE\SCINTILLA\VCBUILD\DEBUG\PROPSET.SBR
G:\FBE\scintilla\vcbuild\Debug\rc.command.1.tlog
G:\FBE\scintilla\vcbuild\Debug\rc.read.1.tlog
G:\FBE\scintilla\vcbuild\Debug\rc.write.1.tlog
G:\FBE\SCINTILLA\VCBUILD\DEBUG\RESEARCH.OBJ
G:\FBE\SCINTILLA\VCBUILD\DEBUG\RESEARCH.SBR
G:\FBE\SCINTILLA\VCBUILD\DEBUG\RUNSTYLES.OBJ
G:\FBE\SCINTILLA\VCBUILD\DEBUG\RUNSTYLES.SBR
G:\FBE\SCINTILLA\VCBUILD\DEBUG\SCILEXER.DLL.EMBED.MANIFEST
G:\FBE\SCINTILLA\VCBUILD\DEBUG\SCILEXER.DLL.EMBED.MANIFEST.RES
G:\FBE\SCINTILLA\VCBUILD\DEBUG\SCILEXER.DLL.INTERMEDIATE.MANIFEST
G:\FBE\scintilla\vcbuild\Debug\SciLexer.write.1.tlog
G:\FBE\scintilla\vcbuild\Debug\SciLexer_manifest.rc
G:\FBE\SCINTILLA\VCBUILD\DEBUG\SCINTILLABASE.OBJ
G:\FBE\SCINTILLA\VCBUILD\DEBUG\SCINTILLABASE.SBR
G:\FBE\SCINTILLA\VCBUILD\DEBUG\SCINTILLAWIN.OBJ
G:\FBE\SCINTILLA\VCBUILD\DEBUG\SCINTILLAWIN.SBR
G:\FBE\SCINTILLA\VCBUILD\DEBUG\SCINTRES.RES
G:\FBE\SCINTILLA\VCBUILD\DEBUG\SELECTION.OBJ
G:\FBE\SCINTILLA\VCBUILD\DEBUG\SELECTION.SBR
G:\FBE\SCINTILLA\VCBUILD\DEBUG\STYLE.OBJ
G:\FBE\SCINTILLA\VCBUILD\DEBUG\STYLE.SBR
G:\FBE\SCINTILLA\VCBUILD\DEBUG\STYLECONTEXT.OBJ
G:\FBE\SCINTILLA\VCBUILD\DEBUG\STYLECONTEXT.SBR
G:\FBE\SCINTILLA\VCBUILD\DEBUG\UNICONVERSION.OBJ
G:\FBE\SCINTILLA\VCBUILD\DEBUG\UNICONVERSION.SBR
G:\FBE\scintilla\vcbuild\Debug\vc100.idb
G:\FBE\SCINTILLA\VCBUILD\DEBUG\VC100.PDB
G:\FBE\SCINTILLA\VCBUILD\DEBUG\VIEWSTYLE.OBJ
G:\FBE\SCINTILLA\VCBUILD\DEBUG\VIEWSTYLE.SBR
G:\FBE\SCINTILLA\VCBUILD\DEBUG\WINDOWACCESSOR.OBJ
G:\FBE\SCINTILLA\VCBUILD\DEBUG\WINDOWACCESSOR.SBR
G:\FBE\SCINTILLA\VCBUILD\DEBUG\XPM.OBJ
G:\FBE\SCINTILLA\VCBUILD\DEBUG\XPM.SBR
G:\FBE\TRUNK\DEBUG\SCILEXER.DLL
G:\FBE\TRUNK\DEBUG\SCILEXER.ILK
