G:\FBE\SCINTILLA\VCBUILD\RELEASE\AUTOCOMPLETE.OBJ
G:\FBE\SCINTILLA\VCBUILD\RELEASE\CALLTIP.OBJ
G:\FBE\SCINTILLA\VCBUILD\RELEASE\CELLBUFFER.OBJ
G:\FBE\SCINTILLA\VCBUILD\RELEASE\CHARCLASSIFY.OBJ
G:\FBE\scintilla\vcbuild\Release\cl.command.1.tlog
G:\FBE\scintilla\vcbuild\Release\CL.read.1.tlog
G:\FBE\scintilla\vcbuild\Release\CL.write.1.tlog
G:\FBE\SCINTILLA\VCBUILD\RELEASE\CONTRACTIONSTATE.OBJ
G:\FBE\SCINTILLA\VCBUILD\RELEASE\DECORATION.OBJ
G:\FBE\SCINTILLA\VCBUILD\RELEASE\DOCUMENT.OBJ
G:\FBE\SCINTILLA\VCBUILD\RELEASE\DOCUMENTACCESSOR.OBJ
G:\FBE\SCINTILLA\VCBUILD\RELEASE\EDITOR.OBJ
G:\FBE\SCINTILLA\VCBUILD\RELEASE\EXTERNALLEXER.OBJ
G:\FBE\SCINTILLA\VCBUILD\RELEASE\INDICATOR.OBJ
G:\FBE\SCINTILLA\VCBUILD\RELEASE\KEYMAP.OBJ
G:\FBE\SCINTILLA\VCBUILD\RELEASE\KEYWORDS.OBJ
G:\FBE\SCINTILLA\VCBUILD\RELEASE\LEXABAQUS.OBJ
G:\FBE\SCINTILLA\VCBUILD\RELEASE\LEXADA.OBJ
G:\FBE\SCINTILLA\VCBUILD\RELEASE\LEXAPDL.OBJ
G:\FBE\SCINTILLA\VCBUILD\RELEASE\LEXASM.OBJ
G:\FBE\SCINTILLA\VCBUILD\RELEASE\LEXASN1.OBJ
G:\FBE\SCINTILLA\VCBUILD\RELEASE\LEXASY.OBJ
G:\FBE\SCINTILLA\VCBUILD\RELEASE\LEXAU3.OBJ
G:\FBE\SCINTILLA\VCBUILD\RELEASE\LEXAVE.OBJ
G:\FBE\SCINTILLA\VCBUILD\RELEASE\LEXBAAN.OBJ
G:\FBE\SCINTILLA\VCBUILD\RELEASE\LEXBASH.OBJ
G:\FBE\SCINTILLA\VCBUILD\RELEASE\LEXBASIC.OBJ
G:\FBE\SCINTILLA\VCBUILD\RELEASE\LEXBULLANT.OBJ
G:\FBE\SCINTILLA\VCBUILD\RELEASE\LEXCAML.OBJ
G:\FBE\SCINTILLA\VCBUILD\RELEASE\LEXCLW.OBJ
G:\FBE\SCINTILLA\VCBUILD\RELEASE\LEXCMAKE.OBJ
G:\FBE\SCINTILLA\VCBUILD\RELEASE\LEXCOBOL.OBJ
G:\FBE\SCINTILLA\VCBUILD\RELEASE\LEXCONF.OBJ
G:\FBE\SCINTILLA\VCBUILD\RELEASE\LEXCPP.OBJ
G:\FBE\SCINTILLA\VCBUILD\RELEASE\LEXCRONTAB.OBJ
G:\FBE\SCINTILLA\VCBUILD\RELEASE\LEXCSOUND.OBJ
G:\FBE\SCINTILLA\VCBUILD\RELEASE\LEXCSS.OBJ
G:\FBE\SCINTILLA\VCBUILD\RELEASE\LEXD.OBJ
G:\FBE\SCINTILLA\VCBUILD\RELEASE\LEXEIFFEL.OBJ
G:\FBE\SCINTILLA\VCBUILD\RELEASE\LEXERLANG.OBJ
G:\FBE\SCINTILLA\VCBUILD\RELEASE\LEXESCRIPT.OBJ
G:\FBE\SCINTILLA\VCBUILD\RELEASE\LEXFLAGSHIP.OBJ
G:\FBE\SCINTILLA\VCBUILD\RELEASE\LEXFORTH.OBJ
G:\FBE\SCINTILLA\VCBUILD\RELEASE\LEXFORTRAN.OBJ
G:\FBE\SCINTILLA\VCBUILD\RELEASE\LEXGAP.OBJ
G:\FBE\SCINTILLA\VCBUILD\RELEASE\LEXGUI4CLI.OBJ
G:\FBE\SCINTILLA\VCBUILD\RELEASE\LEXHASKELL.OBJ
G:\FBE\SCINTILLA\VCBUILD\RELEASE\LEXHTML.OBJ
G:\FBE\SCINTILLA\VCBUILD\RELEASE\LEXINNO.OBJ
G:\FBE\SCINTILLA\VCBUILD\RELEASE\LEXKIX.OBJ
G:\FBE\SCINTILLA\VCBUILD\RELEASE\LEXLISP.OBJ
G:\FBE\SCINTILLA\VCBUILD\RELEASE\LEXLOUT.OBJ
G:\FBE\SCINTILLA\VCBUILD\RELEASE\LEXLUA.OBJ
G:\FBE\SCINTILLA\VCBUILD\RELEASE\LEXMAGIK.OBJ
G:\FBE\SCINTILLA\VCBUILD\RELEASE\LEXMARKDOWN.OBJ
G:\FBE\SCINTILLA\VCBUILD\RELEASE\LEXMATLAB.OBJ
G:\FBE\SCINTILLA\VCBUILD\RELEASE\LEXMETAPOST.OBJ
G:\FBE\SCINTILLA\VCBUILD\RELEASE\LEXMMIXAL.OBJ
G:\FBE\SCINTILLA\VCBUILD\RELEASE\LEXMPT.OBJ
G:\FBE\SCINTILLA\VCBUILD\RELEASE\LEXMSSQL.OBJ
G:\FBE\SCINTILLA\VCBUILD\RELEASE\LEXMYSQL.OBJ
G:\FBE\SCINTILLA\VCBUILD\RELEASE\LEXNIMROD.OBJ
G:\FBE\SCINTILLA\VCBUILD\RELEASE\LEXNSIS.OBJ
G:\FBE\SCINTILLA\VCBUILD\RELEASE\LEXOPAL.OBJ
G:\FBE\SCINTILLA\VCBUILD\RELEASE\LEXOTHERS.OBJ
G:\FBE\SCINTILLA\VCBUILD\RELEASE\LEXPASCAL.OBJ
G:\FBE\SCINTILLA\VCBUILD\RELEASE\LEXPB.OBJ
G:\FBE\SCINTILLA\VCBUILD\RELEASE\LEXPERL.OBJ
G:\FBE\SCINTILLA\VCBUILD\RELEASE\LEXPLM.OBJ
G:\FBE\SCINTILLA\VCBUILD\RELEASE\LEXPOV.OBJ
G:\FBE\SCINTILLA\VCBUILD\RELEASE\LEXPOWERPRO.OBJ
G:\FBE\SCINTILLA\VCBUILD\RELEASE\LEXPOWERSHELL.OBJ
G:\FBE\SCINTILLA\VCBUILD\RELEASE\LEXPROGRESS.OBJ
G:\FBE\SCINTILLA\VCBUILD\RELEASE\LEXPS.OBJ
G:\FBE\SCINTILLA\VCBUILD\RELEASE\LEXPYTHON.OBJ
G:\FBE\SCINTILLA\VCBUILD\RELEASE\LEXR.OBJ
G:\FBE\SCINTILLA\VCBUILD\RELEASE\LEXREBOL.OBJ
G:\FBE\SCINTILLA\VCBUILD\RELEASE\LEXRUBY.OBJ
G:\FBE\SCINTILLA\VCBUILD\RELEASE\LEXSCRIPTOL.OBJ
G:\FBE\SCINTILLA\VCBUILD\RELEASE\LEXSMALLTALK.OBJ
G:\FBE\SCINTILLA\VCBUILD\RELEASE\LEXSML.OBJ
G:\FBE\SCINTILLA\VCBUILD\RELEASE\LEXSORCUS.OBJ
G:\FBE\SCINTILLA\VCBUILD\RELEASE\LEXSPECMAN.OBJ
G:\FBE\SCINTILLA\VCBUILD\RELEASE\LEXSPICE.OBJ
G:\FBE\SCINTILLA\VCBUILD\RELEASE\LEXSQL.OBJ
G:\FBE\SCINTILLA\VCBUILD\RELEASE\LEXTACL.OBJ
G:\FBE\SCINTILLA\VCBUILD\RELEASE\LEXTADS3.OBJ
G:\FBE\SCINTILLA\VCBUILD\RELEASE\LEXTAL.OBJ
G:\FBE\SCINTILLA\VCBUILD\RELEASE\LEXTCL.OBJ
G:\FBE\SCINTILLA\VCBUILD\RELEASE\LEXTEX.OBJ
G:\FBE\SCINTILLA\VCBUILD\RELEASE\LEXVB.OBJ
G:\FBE\SCINTILLA\VCBUILD\RELEASE\LEXVERILOG.OBJ
G:\FBE\SCINTILLA\VCBUILD\RELEASE\LEXVHDL.OBJ
G:\FBE\SCINTILLA\VCBUILD\RELEASE\LEXYAML.OBJ
G:\FBE\SCINTILLA\VCBUILD\RELEASE\LINEMARKER.OBJ
G:\FBE\SCINTILLA\VCBUILD\RELEASE\PERLINE.OBJ
G:\FBE\SCINTILLA\VCBUILD\RELEASE\PLATWIN.OBJ
G:\FBE\SCINTILLA\VCBUILD\RELEASE\POSITIONCACHE.OBJ
G:\FBE\SCINTILLA\VCBUILD\RELEASE\PROPSET.OBJ
G:\FBE\SCINTILLA\VCBUILD\RELEASE\RUNSTYLES.OBJ
G:\FBE\SCINTILLA\VCBUILD\RELEASE\SCINTILLABASE.OBJ
G:\FBE\SCINTILLA\VCBUILD\RELEASE\SCINTILLAWIN.OBJ
G:\FBE\SCINTILLA\VCBUILD\RELEASE\SELECTION.OBJ
G:\FBE\SCINTILLA\VCBUILD\RELEASE\STYLE.OBJ
G:\FBE\SCINTILLA\VCBUILD\RELEASE\STYLECONTEXT.OBJ
G:\FBE\SCINTILLA\VCBUILD\RELEASE\UNICONVERSION.OBJ
G:\FBE\scintilla\vcbuild\Release\vc100.idb
G:\FBE\SCINTILLA\VCBUILD\RELEASE\VC100.PDB
G:\FBE\SCINTILLA\VCBUILD\RELEASE\VIEWSTYLE.OBJ
G:\FBE\SCINTILLA\VCBUILD\RELEASE\WINDOWACCESSOR.OBJ
G:\FBE\SCINTILLA\VCBUILD\RELEASE\XPM.OBJ
